<?xml version="1.0" encoding="UTF-8"?>
<!-- Generated by org.testng.reporters.JUnitReportReporter -->
<testsuite hostname="LAPTOP-RGO8VE7Q" failures="0" tests="2" name="lib.FirstTestNG" time="37.861" errors="0" timestamp="2024-01-16T20:12:23 IST" skipped="0">
  <testcase classname="lib.FirstTestNG" name="TestFacebook" time="29.054"/>
  <testcase classname="lib.FirstTestNG" name="TestGoogle" time="8.807"/>
</testsuite> <!-- lib.FirstTestNG -->
