<?xml version="1.0" encoding="UTF-8"?>
<!-- Generated by org.testng.reporters.JUnitReportReporter -->
<testsuite hostname="LAPTOP-RGO8VE7Q" failures="0" tests="1" name="TestNG" time="0.010" errors="0" timestamp="2024-01-11T07:09:51 GMT-08:00" skipped="0">
  <testcase classname="TestNG" name="test" time="0.010"/>
</testsuite> <!-- TestNG -->
